Determining if the pthread_create exist failed with the following output:
Change Dir: /home/patrick/catkin_ws/src/orb_slam/DBoW2/build/CMakeFiles/CMakeTmp

Run Build Command:/usr/bin/make "cmTryCompileExec326796909/fast"
/usr/bin/make -f CMakeFiles/cmTryCompileExec326796909.dir/build.make CMakeFiles/cmTryCompileExec326796909.dir/build
make[1]: Entering directory `/home/patrick/catkin_ws/src/orb_slam/DBoW2/build/CMakeFiles/CMakeTmp'
/usr/bin/cmake -E cmake_progress_report /home/patrick/catkin_ws/src/orb_slam/DBoW2/build/CMakeFiles/CMakeTmp/CMakeFiles 1
Building C object CMakeFiles/cmTryCompileExec326796909.dir/CheckSymbolExists.c.o
/usr/bin/cc    -o CMakeFiles/cmTryCompileExec326796909.dir/CheckSymbolExists.c.o   -c /home/patrick/catkin_ws/src/orb_slam/DBoW2/build/CMakeFiles/CMakeTmp/CheckSymbolExists.c
Linking C executable cmTryCompileExec326796909
/usr/bin/cmake -E cmake_link_script CMakeFiles/cmTryCompileExec326796909.dir/link.txt --verbose=1
/usr/bin/cc       CMakeFiles/cmTryCompileExec326796909.dir/CheckSymbolExists.c.o  -o cmTryCompileExec326796909 -rdynamic 
CMakeFiles/cmTryCompileExec326796909.dir/CheckSymbolExists.c.o: In function `main':
CheckSymbolExists.c:(.text+0x16): undefined reference to `pthread_create'
collect2: error: ld returned 1 exit status
make[1]: *** [cmTryCompileExec326796909] Error 1
make[1]: Leaving directory `/home/patrick/catkin_ws/src/orb_slam/DBoW2/build/CMakeFiles/CMakeTmp'
make: *** [cmTryCompileExec326796909/fast] Error 2

File /home/patrick/catkin_ws/src/orb_slam/DBoW2/build/CMakeFiles/CMakeTmp/CheckSymbolExists.c:
/* */
#include <pthread.h>

int main(int argc, char** argv)
{
  (void)argv;
#ifndef pthread_create
  return ((int*)(&pthread_create))[argc];
#else
  (void)argc;
  return 0;
#endif
}

Determining if the function pthread_create exists in the pthreads failed with the following output:
Change Dir: /home/patrick/catkin_ws/src/orb_slam/DBoW2/build/CMakeFiles/CMakeTmp

Run Build Command:/usr/bin/make "cmTryCompileExec875050837/fast"
/usr/bin/make -f CMakeFiles/cmTryCompileExec875050837.dir/build.make CMakeFiles/cmTryCompileExec875050837.dir/build
make[1]: Entering directory `/home/patrick/catkin_ws/src/orb_slam/DBoW2/build/CMakeFiles/CMakeTmp'
/usr/bin/cmake -E cmake_progress_report /home/patrick/catkin_ws/src/orb_slam/DBoW2/build/CMakeFiles/CMakeTmp/CMakeFiles 1
Building C object CMakeFiles/cmTryCompileExec875050837.dir/CheckFunctionExists.c.o
/usr/bin/cc   -DCHECK_FUNCTION_EXISTS=pthread_create   -o CMakeFiles/cmTryCompileExec875050837.dir/CheckFunctionExists.c.o   -c /usr/share/cmake-2.8/Modules/CheckFunctionExists.c
Linking C executable cmTryCompileExec875050837
/usr/bin/cmake -E cmake_link_script CMakeFiles/cmTryCompileExec875050837.dir/link.txt --verbose=1
/usr/bin/cc   -DCHECK_FUNCTION_EXISTS=pthread_create    CMakeFiles/cmTryCompileExec875050837.dir/CheckFunctionExists.c.o  -o cmTryCompileExec875050837 -rdynamic -lpthreads 
/usr/bin/ld: cannot find -lpthreads
collect2: error: ld returned 1 exit status
make[1]: Leaving directory `/home/patrick/catkin_ws/src/orb_slam/DBoW2/build/CMakeFiles/CMakeTmp'
make[1]: *** [cmTryCompileExec875050837] Error 1
make: *** [cmTryCompileExec875050837/fast] Error 2


